-------------------------------------------------------------------------------
Test set: TestSuite
-------------------------------------------------------------------------------
Tests run: 4, Failures: 1, Errors: 0, Skipped: 3, Time elapsed: 12.724 s <<< FAILURE! - in TestSuite
Launch(com.TestCases.LoginTest)  Time elapsed: 12.213 s  <<< FAILURE!
java.lang.IllegalStateException: The driver executable does not exist: C:\Users\hp\eclipse-workspace\com.orangeHRM.atHome\Driver\chromedriver.exe
	at com.TestCases.LoginTest.Launch(LoginTest.java:21)

